----------Starting TC001 Test----------
CLICKED ON SIGN-IN BY USING OBJECT :[[ChromeDriver: chrome on XP (99fbdc9f5bcac3b473a166c44efaba58)] -> link text: Sign in]
ENTERED E_MAIL ADDRESS :juveriajabeen75056@gmail.comBY USING OBJECT [[ChromeDriver: chrome on XP (99fbdc9f5bcac3b473a166c44efaba58)] -> id: email_create]
-----------Ending TC001 Test----------
----------Starting TC001 Test----------
CLICKED ON SIGN-IN BY USING OBJECT :[[ChromeDriver: chrome on XP (983de65c57a7ff26848ec19ebf4c61b3)] -> link text: Sign in]
ENTERED E_MAIL ADDRESS :juveriajabeen52245@gmail.comBY USING OBJECT [[ChromeDriver: chrome on XP (983de65c57a7ff26848ec19ebf4c61b3)] -> id: email_create]
-----------Ending TC001 Test----------
Loading Excel.....
Loading Excel.....
VALUES FROM EXCEL ROWS OF DATA SHEET .....
VALUES FROM EXCEL ROWS OF DATA SHEET ARE.....
VALUES FROM EXCEL ROWS OF DATA SHEET ARE.....
VALUES FROM EXCEL ROWS OF DATA SHEET ARE.....
----------Starting TC001 Test----------
CLICKED ON SIGN-IN BY USING OBJECT :[[ChromeDriver: chrome on XP (7c776b147e0658f88b9f9c45c15fd245)] -> link text: Sign in]
ENTERED E_MAIL ADDRESS :juveriajabeen13569@gmail.comBY USING OBJECT [[ChromeDriver: chrome on XP (7c776b147e0658f88b9f9c45c15fd245)] -> id: email_create]
-----------Ending TC001 Test----------
----------Starting TC001 Test----------
CLICKED ON SIGN-IN BY USING OBJECT :[[ChromeDriver: chrome on XP (8512803ec74f504799cafebdd28fa6c2)] -> link text: Sign in]
ENTERED E_MAIL ADDRESS :juveriajabeen13950@gmail.comBY USING OBJECT [[ChromeDriver: chrome on XP (8512803ec74f504799cafebdd28fa6c2)] -> id: email_create]
-----------Ending TC001 Test----------
----------Starting TC001 Test----------
CLICKED ON SIGN-IN BY USING OBJECT :[[ChromeDriver: chrome on XP (6f67c5b508bc967ec849300d2fadef94)] -> link text: Sign in]
ENTERED E_MAIL ADDRESS :juveriajabeen54995@gmail.comBY USING OBJECT [[ChromeDriver: chrome on XP (6f67c5b508bc967ec849300d2fadef94)] -> id: email_create]
-----------Ending TC001 Test----------
----------Starting TC001 Test----------
CLICKED ON SIGN-IN BY USING OBJECT :[[ChromeDriver: chrome on XP (40b95a97bef83c30bf842b4bb61fce6e)] -> link text: Sign in]
ENTERED E_MAIL ADDRESS :juveriajabeen26143@gmail.comBY USING OBJECT [[ChromeDriver: chrome on XP (40b95a97bef83c30bf842b4bb61fce6e)] -> id: email_create]
-----------Ending TC001 Test----------
----------Starting TC001 Test----------
CLICKED ON SIGN-IN BY USING OBJECT :[[ChromeDriver: chrome on XP (5c7b0ffb3612a3ec0a9255e46caa3cce)] -> link text: Sign in]
ENTERED E_MAIL ADDRESS :juveriajabeen38365@gmail.comBY USING OBJECT [[ChromeDriver: chrome on XP (5c7b0ffb3612a3ec0a9255e46caa3cce)] -> id: email_create]
----------Starting TC001 Test----------
CLICKED ON SIGN-IN BY USING OBJECT :[[ChromeDriver: chrome on XP (adac904298bfa5db6be00219d3d13234)] -> link text: Sign in]
ENTERED E_MAIL ADDRESS :juveriajabeen15556@gmail.comBY USING OBJECT [[ChromeDriver: chrome on XP (adac904298bfa5db6be00219d3d13234)] -> id: email_create]
-----------Ending TC001 Test----------
----------Starting TC001 Test----------
CLICKED ON SIGN-IN BY USING OBJECT :[[ChromeDriver: chrome on XP (f260075a951678224deadb05c756b4eb)] -> link text: Sign in]
ENTERED E_MAIL ADDRESS :juveriajabeen68562@gmail.comBY USING OBJECT [[ChromeDriver: chrome on XP (f260075a951678224deadb05c756b4eb)] -> id: email_create]
-----------Ending TC001 Test----------
----------Starting TC001 Test----------
CLICKED ON SIGN-IN BY USING OBJECT :[[ChromeDriver: chrome on XP (34083edfb346e369e6891019dd1c6316)] -> link text: Sign in]
ENTERED E_MAIL ADDRESS :juveriajabeen87262@gmail.comBY USING OBJECT [[ChromeDriver: chrome on XP (34083edfb346e369e6891019dd1c6316)] -> id: email_create]
----------Starting TC001 Test----------
CLICKED ON SIGN-IN BY USING OBJECT :[[ChromeDriver: chrome on XP (b4b1bcd44c3b54a9383593a08dfae5d5)] -> link text: Sign in]
ENTERED E_MAIL ADDRESS :juveriajabeen73043@gmail.comBY USING OBJECT [[ChromeDriver: chrome on XP (b4b1bcd44c3b54a9383593a08dfae5d5)] -> id: email_create]
----------Starting TC001 Test----------
CLICKED ON SIGN-IN BY USING OBJECT :[[ChromeDriver: chrome on XP (f84b406dd71f58575d1cd471339ff123)] -> link text: Sign in]
ENTERED E_MAIL ADDRESS :juveriajabeen11452@gmail.comBY USING OBJECT [[ChromeDriver: chrome on XP (f84b406dd71f58575d1cd471339ff123)] -> id: email_create]
----------Starting TC001 Test----------
CLICKED ON SIGN-IN BY USING OBJECT :[[ChromeDriver: chrome on XP (de025c4124c6b1d7f90f252929f4d310)] -> link text: Sign in]
ENTERED E_MAIL ADDRESS :juveriajabeen30326@gmail.comBY USING OBJECT [[ChromeDriver: chrome on XP (de025c4124c6b1d7f90f252929f4d310)] -> id: email_create]
----------Starting TC001 Test----------
CLICKED ON SIGN-IN BY USING OBJECT :[[ChromeDriver: chrome on XP (4b3e0d9912bdf9655044b34d8a03e264)] -> link text: Sign in]
ENTERED E_MAIL ADDRESS :juveriajabeen56196@gmail.comBY USING OBJECT [[ChromeDriver: chrome on XP (4b3e0d9912bdf9655044b34d8a03e264)] -> id: email_create]
----------Starting TC001 Test----------
CLICKED ON SIGN-IN BY USING OBJECT :[[ChromeDriver: chrome on XP (87b9b9be906065f4f4e0461af6f3aee0)] -> link text: Sign in]
ENTERED E_MAIL ADDRESS :juveriajabeen18337@gmail.comBY USING OBJECT [[ChromeDriver: chrome on XP (87b9b9be906065f4f4e0461af6f3aee0)] -> id: email_create]
----------Starting TC001 Test----------
CLICKED ON SIGN-IN BY USING OBJECT :[[ChromeDriver: chrome on XP (8aa6483b13994a0f39d138a333259a02)] -> link text: Sign in]
ENTERED E_MAIL ADDRESS :juveriajabeen31567@gmail.comBY USING OBJECT [[ChromeDriver: chrome on XP (8aa6483b13994a0f39d138a333259a02)] -> id: email_create]
-----------Ending TC001 Test----------
----------Starting TC001 Test----------
CLICKED ON SIGN-IN BY USING OBJECT :[[ChromeDriver: chrome on XP (3ec3fa6a7e9ee181db40fe793551dea3)] -> link text: Sign in]
ENTERED E_MAIL ADDRESS :juveriajabeen34378@gmail.comBY USING OBJECT [[ChromeDriver: chrome on XP (3ec3fa6a7e9ee181db40fe793551dea3)] -> id: email_create]
-----------Ending TC001 Test----------
----------Starting TC001 Test----------
CLICKED ON SIGN-IN BY USING OBJECT :[[ChromeDriver: chrome on XP (25d8a8717aadd61ea86b03a46de2bcd5)] -> link text: Sign in]
ENTERED E_MAIL ADDRESS :juveriajabeen40108@gmail.comBY USING OBJECT [[ChromeDriver: chrome on XP (25d8a8717aadd61ea86b03a46de2bcd5)] -> id: email_create]
-----------Ending TC001 Test----------
----------Starting TC001 Test----------
CLICKED ON SIGN-IN BY USING OBJECT :[[ChromeDriver: chrome on XP (603057e2995f313ca7afc7b1c00960b2)] -> link text: Sign in]
ENTERED E_MAIL ADDRESS :juveriajabeen85322@gmail.comBY USING OBJECT [[ChromeDriver: chrome on XP (603057e2995f313ca7afc7b1c00960b2)] -> id: email_create]
-----------Ending TC001 Test----------
----------Starting TC001 Test----------
CLICKED ON SIGN-IN BY USING OBJECT :[[ChromeDriver: chrome on XP (b401256cdfedfb631512f509e32e4912)] -> link text: Sign in]
ENTERED E_MAIL ADDRESS :juveriajabeen33777@gmail.comBY USING OBJECT [[ChromeDriver: chrome on XP (b401256cdfedfb631512f509e32e4912)] -> id: email_create]
----------Starting TC001 Test----------
CLICKED ON SIGN-IN BY USING OBJECT :[[ChromeDriver: chrome on XP (b401256cdfedfb631512f509e32e4912)] -> link text: Sign in]
ENTERED E_MAIL ADDRESS :juveriajabeen19009@gmail.comBY USING OBJECT [[ChromeDriver: chrome on XP (b401256cdfedfb631512f509e32e4912)] -> id: email_create]
----------Starting TC001 Test----------
CLICKED ON SIGN-IN BY USING OBJECT :[[ChromeDriver: chrome on XP (b401256cdfedfb631512f509e32e4912)] -> link text: Sign in]
ENTERED E_MAIL ADDRESS :juveriajabeen79392@gmail.comBY USING OBJECT [[ChromeDriver: chrome on XP (b401256cdfedfb631512f509e32e4912)] -> id: email_create]
----------Starting TC001 Test----------
CLICKED ON SIGN-IN BY USING OBJECT :[[ChromeDriver: chrome on XP (5845e0b45acff64b3abfc84e762f8fb6)] -> link text: Sign in]
ENTERED E_MAIL ADDRESS :juveriajabeen75322@gmail.comBY USING OBJECT [[ChromeDriver: chrome on XP (5845e0b45acff64b3abfc84e762f8fb6)] -> id: email_create]
-----------Ending TC001 Test----------
----------Starting TC001 Test----------
CLICKED ON SIGN-IN BY USING OBJECT :[[ChromeDriver: chrome on XP (48756cd1ff7e4bf6e47985691ed945a3)] -> link text: Sign in]
ENTERED E_MAIL ADDRESS :juveriajabeen89905@gmail.comBY USING OBJECT [[ChromeDriver: chrome on XP (48756cd1ff7e4bf6e47985691ed945a3)] -> id: email_create]
-----------Ending TC001 Test----------
----------Starting TC001 Test----------
CLICKED ON SIGN-IN BY USING OBJECT :[[ChromeDriver: chrome on XP (a6a410603f74668f34564b02c9da88c1)] -> link text: Sign in]
ENTERED E_MAIL ADDRESS :juveriajabeen49236@gmail.comBY USING OBJECT [[ChromeDriver: chrome on XP (a6a410603f74668f34564b02c9da88c1)] -> id: email_create]
-----------Ending TC001 Test----------
----------Starting TC001 Test----------
CLICKED ON SIGN-IN BY USING OBJECT :[[ChromeDriver: chrome on XP (8478a4cab3faeaef3136e39abe112161)] -> link text: Sign in]
ENTERED E_MAIL ADDRESS :juveriajabeen90612@gmail.comBY USING OBJECT [[ChromeDriver: chrome on XP (8478a4cab3faeaef3136e39abe112161)] -> id: email_create]
-----------Ending TC001 Test----------
----------Starting TC001 Test----------
CLICKED ON SIGN-IN BY USING OBJECT :[[ChromeDriver: chrome on XP (8e18302fbfd1163b74a275899f451dac)] -> link text: Sign in]
ENTERED E_MAIL ADDRESS :juveriajabeen70800@gmail.comBY USING OBJECT [[ChromeDriver: chrome on XP (8e18302fbfd1163b74a275899f451dac)] -> id: email_create]
-----------Ending TC001 Test----------
----------Starting TC001 Test----------
CLICKED ON SIGN-IN BY USING OBJECT :[[ChromeDriver: chrome on XP (98d2f60e3ad917afa8c7ac957ce1385d)] -> link text: Sign in]
ENTERED E_MAIL ADDRESS :juveriajabeen38629@gmail.comBY USING OBJECT [[ChromeDriver: chrome on XP (98d2f60e3ad917afa8c7ac957ce1385d)] -> id: email_create]
-----------Ending TC001 Test----------
----------Starting TC001 Test----------
CLICKED ON SIGN-IN BY USING OBJECT :[[ChromeDriver: chrome on XP (65e2615bbcda0bd191043ec1b706fced)] -> link text: Sign in]
ENTERED E_MAIL ADDRESS :juveriajabeen84748@gmail.comBY USING OBJECT [[ChromeDriver: chrome on XP (65e2615bbcda0bd191043ec1b706fced)] -> id: email_create]
-----------Ending TC001 Test----------
----------Starting TC001 Test----------
CLICKED ON SIGN-IN BY USING OBJECT :[[ChromeDriver: chrome on XP (15dcab17c802e1d3727b39b11e43d1c7)] -> link text: Sign in]
ENTERED E_MAIL ADDRESS :juveriajabeen61601@gmail.comBY USING OBJECT [[ChromeDriver: chrome on XP (15dcab17c802e1d3727b39b11e43d1c7)] -> id: email_create]
-----------Ending TC001 Test----------
----------Starting TC001 Test----------
CLICKED ON SIGN-IN BY USING OBJECT :[[ChromeDriver: chrome on XP (cd2ae2fe20cce081022a8fa285d05a87)] -> link text: Sign in]
ENTERED E_MAIL ADDRESS :juveriajabeen91231@gmail.comBY USING OBJECT [[ChromeDriver: chrome on XP (cd2ae2fe20cce081022a8fa285d05a87)] -> id: email_create]
-----------Ending TC001 Test----------
----------Starting TC001 Test----------
CLICKED ON SIGN-IN BY USING OBJECT :[[ChromeDriver: chrome on XP (7f6a8412af91530196b3579e3375ecae)] -> link text: Sign in]
ENTERED E_MAIL ADDRESS :juveriajabeen74885@gmail.comBY USING OBJECT [[ChromeDriver: chrome on XP (7f6a8412af91530196b3579e3375ecae)] -> id: email_create]
-----------Ending TC001 Test----------
